<?xml version="1.0" encoding="UTF-8"?>
<testsuite xmlns:xsi="http://www.w3.org/2001/XMLSchema-instance" xsi:noNamespaceSchemaLocation="https://maven.apache.org/surefire/maven-surefire-plugin/xsd/surefire-test-report.xsd" name="com.svalero.phonostore.TestEmpleado" time="0.009" tests="14" errors="0" skipped="0" failures="0">
  <properties>
[...]
</properties>
  <testcase name="testGeneracionUsuario1" classname="com.svalero.phonostore.TestEmpleado" time="0"/>
  <testcase name="testGeneracionUsuario2" classname="com.svalero.phonostore.TestEmpleado" time="0"/>
  <testcase name="testGeneracionUsuario3" classname="com.svalero.phonostore.TestEmpleado" time="0"/>
  <testcase name="testGeneracionUsuario4" classname="com.svalero.phonostore.TestEmpleado" time="0"/>
  <testcase name="testGeneracionUsuario5" classname="com.svalero.phonostore.TestEmpleado" time="0"/>
  <testcase name="testGeneracionUsuario6" classname="com.svalero.phonostore.TestEmpleado" time="0"/>
  <testcase name="testGeneracionUsuario7" classname="com.svalero.phonostore.TestEmpleado" time="0"/>
  <testcase name="testGeneracionUsuario8" classname="com.svalero.phonostore.TestEmpleado" time="0"/>
  <testcase name="testGeneracionUsuario9" classname="com.svalero.phonostore.TestEmpleado" time="0"/>
  <testcase name="testGeneracionUsuario10" classname="com.svalero.phonostore.TestEmpleado" time="0"/>
  <testcase name="testGeneracionUsuario11" classname="com.svalero.phonostore.TestEmpleado" time="0"/>
  <testcase name="testGeneracionUsuario12" classname="com.svalero.phonostore.TestEmpleado" time="0"/>
  <testcase name="testGeneracionUsuario13" classname="com.svalero.phonostore.TestEmpleado" time="0"/>
  <testcase name="testGeneracionUsuario14" classname="com.svalero.phonostore.TestEmpleado" time="0"/>
</testsuite>